<?xml version="1.0" encoding="UTF-8"?>
<!-- Generated by org.testng.reporters.JUnitXMLReporter -->
<testsuite ignored="4" hostname="PC-Wanderson" failures="0" tests="1" name="Default test" time="5.933" errors="0" timestamp="2022-04-19T21:07:21 EDT">
  <testcase classname="pack2.Test2" name="findMultipleElementsDevoir3Lisez1erParagraph" time="5.879"/>
  <testcase classname="pack2.Test2" name="navigateMethod" time="0.0">
    <ignored/>
  </testcase> <!-- navigateMethod -->
  <testcase classname="pack2.Test2" name="findMultipleElements" time="0.0">
    <ignored/>
  </testcase> <!-- findMultipleElements -->
  <testcase classname="pack2.Test2" name="findMultipleElementsDevoir" time="0.0">
    <ignored/>
  </testcase> <!-- findMultipleElementsDevoir -->
  <testcase classname="pack2.Test2" name="findMultipleElementsDevoir2" time="0.0">
    <ignored/>
  </testcase> <!-- findMultipleElementsDevoir2 -->
</testsuite> <!-- Default test -->
