<?xml version="1.0" encoding="UTF-8"?>
<testng-results ignored="4" total="5" passed="1" failed="0" skipped="0">
  <reporter-output>
  </reporter-output>
  <suite started-at="2022-04-19T21:07:15 EDT" name="Default suite" finished-at="2022-04-19T21:07:21 EDT" duration-ms="5933">
    <groups>
    </groups>
    <test started-at="2022-04-19T21:07:15 EDT" name="Default test" finished-at="2022-04-19T21:07:21 EDT" duration-ms="5933">
      <class name="pack2.Test2">
        <test-method signature="findMultipleElementsDevoir3Lisez1erParagraph()[pri:0, instance:pack2.Test2@2805d709]" started-at="2022-04-19T21:07:15 EDT" name="findMultipleElementsDevoir3Lisez1erParagraph" finished-at="2022-04-19T21:07:21 EDT" duration-ms="5879" status="PASS">
          <reporter-output>
          </reporter-output>
        </test-method> <!-- findMultipleElementsDevoir3Lisez1erParagraph -->
      </class> <!-- pack2.Test2 -->
    </test> <!-- Default test -->
  </suite> <!-- Default suite -->
</testng-results>
